<?xml version="1.0" encoding="UTF-8"?>
<!-- Generated by org.testng.reporters.JUnitReportReporter -->
<testsuite skipped="0" hostname="Janani" name="Test.Test" tests="3" failures="0" timestamp="25 Oct 2018 17:15:53 GMT" time="17.325" errors="0">
  <testcase name="Register" time="11.198" classname="Test.Test"/>
  <testcase name="Login" time="4.470" classname="Test.Test"/>
  <testcase name="QuatationRequest" time="1.657" classname="Test.Test"/>
</testsuite> <!-- Test.Test -->
