<?xml version="1.0" encoding="UTF-8"?>
<!-- Generated by org.testng.reporters.JUnitReportReporter -->
<testsuite hostname="Janani" failures="0" tests="1" name="Telecom.AddCustomer" time="23.103" errors="0" timestamp="13 Oct 2018 17:04:39 GMT" skipped="0">
  <testcase classname="Telecom.AddCustomer" name="AddCustomer" time="23.103"/>
</testsuite> <!-- Telecom.AddCustomer -->
