<?xml version="1.0" encoding="UTF-8"?>
<!-- Generated by org.testng.reporters.JUnitReportReporter -->
<testsuite hostname="Janani" failures="0" tests="1" name="Insuarance.TariffPlans" time="20.745" errors="0" timestamp="13 Oct 2018 17:06:01 GMT" skipped="0">
  <testcase classname="Insuarance.TariffPlans" name="TariffPlans" time="20.745"/>
</testsuite> <!-- Insuarance.TariffPlans -->
